------------------------------------------------------------------------------------------------------------------------

[2020-02-07 17:39:16 #1 store] 
Database 'C:\Users\jipgosaa\ownCloud\alfredo2011\workspace\Bets\resources\bets.temp' is opened by 14032@U110132

[2020-02-07 17:39:16 #2 type.registry] 
New type domain.Question

[2020-02-07 17:39:16 #3 type] 
Type domain.Question is not enhanced.

[2020-02-07 17:39:16 #4 type.registry] 
New type domain.Event

[2020-02-07 17:39:16 #5 type] 
Type domain.Event is not enhanced.

[2020-02-07 17:39:16 #6 type.registry] 
New type java.util.Vector<domain.Question>

[2020-02-07 17:39:16 #7 type.registry] 
New type java.util.Vector<java.lang.Object>

------------------------------------------------------------------------------------------------------------------------

[2020-02-07 17:40:54 #1 store] 
Database 'C:\Users\jipgosaa\ownCloud\alfredo2011\workspace\Bets\resources\bets.temp' is opened by 22300@U110132

[2020-02-07 17:40:54 #2 type.registry] 
New type domain.Question

[2020-02-07 17:40:54 #3 type] 
Type domain.Question is not enhanced.

[2020-02-07 17:40:54 #4 type.registry] 
New type domain.Event

[2020-02-07 17:40:54 #5 type] 
Type domain.Event is not enhanced.

[2020-02-07 17:40:54 #6 type.registry] 
New type java.util.Vector<domain.Question>

[2020-02-07 17:40:54 #7 type.registry] 
New type java.util.Vector<java.lang.Object>

------------------------------------------------------------------------------------------------------------------------

[2020-02-07 17:41:47 #1 store] 
Database 'C:\Users\jipgosaa\ownCloud\alfredo2011\workspace\Bets\resources\bets.temp' is opened by 16980@U110132

[2020-02-07 17:41:47 #2 type.registry] 
New type domain.Question

[2020-02-07 17:41:47 #3 type] 
Type domain.Question is not enhanced.

[2020-02-07 17:41:47 #4 type.registry] 
New type domain.Event

[2020-02-07 17:41:47 #5 type] 
Type domain.Event is not enhanced.

[2020-02-07 17:41:47 #6 type.registry] 
New type java.util.Vector<domain.Question>

[2020-02-07 17:41:47 #7 type.registry] 
New type java.util.Vector<java.lang.Object>

------------------------------------------------------------------------------------------------------------------------

[2020-02-07 18:03:36 #1 store] 
Database 'C:\Users\jipgosaa\ownCloud\alfredo2011\workspace\Bets\resources\bets.temp' is opened by 20356@U110132

[2020-02-07 18:03:37 #2 type.registry] 
New type domain.Question

[2020-02-07 18:03:37 #3 type] 
Type domain.Question is not enhanced.

[2020-02-07 18:03:37 #4 type.registry] 
New type domain.Event

[2020-02-07 18:03:37 #5 type] 
Type domain.Event is not enhanced.

[2020-02-07 18:03:37 #6 type.registry] 
New type java.util.Vector<domain.Question>

[2020-02-07 18:03:37 #7 type.registry] 
New type java.util.Vector<java.lang.Object>

------------------------------------------------------------------------------------------------------------------------

[2020-02-07 18:04:47 #1 store] 
Database 'C:\Users\jipgosaa\ownCloud\alfredo2011\workspace\Bets\resources\bets.temp' is opened by 6576@U110132

[2020-02-07 18:04:47 #2 type.registry] 
New type domain.Question

[2020-02-07 18:04:47 #3 type] 
Type domain.Question is not enhanced.

[2020-02-07 18:04:47 #4 type.registry] 
New type domain.Event

[2020-02-07 18:04:47 #5 type] 
Type domain.Event is not enhanced.

[2020-02-07 18:04:47 #6 type.registry] 
New type java.util.Vector<domain.Question>

[2020-02-07 18:04:47 #7 type.registry] 
New type java.util.Vector<java.lang.Object>

------------------------------------------------------------------------------------------------------------------------

[2020-02-07 18:05:23 #1 store] 
Database 'C:\Users\jipgosaa\ownCloud\alfredo2011\workspace\Bets\resources\bets.temp' is opened by 2360@U110132

[2020-02-07 18:05:23 #2 type.registry] 
New type domain.Question

[2020-02-07 18:05:23 #3 type] 
Type domain.Question is not enhanced.

[2020-02-07 18:05:23 #4 type.registry] 
New type domain.Event

[2020-02-07 18:05:23 #5 type] 
Type domain.Event is not enhanced.

[2020-02-07 18:05:23 #6 type.registry] 
New type java.util.Vector<domain.Question>

[2020-02-07 18:05:23 #7 type.registry] 
New type java.util.Vector<java.lang.Object>

------------------------------------------------------------------------------------------------------------------------

[2020-02-07 18:06:35 #1 store] 
Database 'C:\Users\jipgosaa\ownCloud\alfredo2011\workspace\Bets\resources\bets.temp' is opened by 16000@U110132

[2020-02-07 18:06:35 #2 type.registry] 
New type domain.Question

[2020-02-07 18:06:35 #3 type] 
Type domain.Question is not enhanced.

[2020-02-07 18:06:35 #4 type.registry] 
New type domain.Event

[2020-02-07 18:06:35 #5 type] 
Type domain.Event is not enhanced.

[2020-02-07 18:06:35 #6 type.registry] 
New type java.util.Vector<domain.Question>

[2020-02-07 18:06:35 #7 type.registry] 
New type java.util.Vector<java.lang.Object>

------------------------------------------------------------------------------------------------------------------------

[2020-02-07 18:08:05 #1 store] 
Database 'C:\Users\jipgosaa\ownCloud\alfredo2011\workspace\Bets\resources\bets.temp' is opened by 13536@U110132

[2020-02-07 18:08:05 #2 type.registry] 
New type domain.Question

[2020-02-07 18:08:05 #3 type] 
Type domain.Question is not enhanced.

[2020-02-07 18:08:05 #4 type.registry] 
New type domain.Event

[2020-02-07 18:08:05 #5 type] 
Type domain.Event is not enhanced.

[2020-02-07 18:08:05 #6 type.registry] 
New type java.util.Vector<domain.Question>

[2020-02-07 18:08:05 #7 type.registry] 
New type java.util.Vector<java.lang.Object>

